[debug] [2022-04-07T05:49:18.429Z] ----------------------------------------------------------------------
[debug] [2022-04-07T05:49:18.432Z] Command:       C:\Program Files\nodejs\node.exe C:\Users\Advik Gupta\AppData\Roaming\npm\node_modules\firebase-tools\lib\bin\firebase.js init
[debug] [2022-04-07T05:49:18.434Z] CLI Version:   10.2.0
[debug] [2022-04-07T05:49:18.434Z] Platform:      win32
[debug] [2022-04-07T05:49:18.434Z] Node Version:  v16.13.0
[debug] [2022-04-07T05:49:18.435Z] Time:          Thu Apr 07 2022 11:19:18 GMT+0530 (India Standard Time)
[debug] [2022-04-07T05:49:18.436Z] ----------------------------------------------------------------------
[debug] 
[debug] [2022-04-07T05:49:18.546Z] > command requires scopes: ["email","openid","https://www.googleapis.com/auth/cloudplatformprojects.readonly","https://www.googleapis.com/auth/firebase","https://www.googleapis.com/auth/cloud-platform"]
[debug] [2022-04-07T05:49:18.547Z] > authorizing via signed-in user (fortknight6901@gmail.com)
[info] 
     ######## #### ########  ######## ########     ###     ######  ########
     ##        ##  ##     ## ##       ##     ##  ##   ##  ##       ##
     ######    ##  ########  ######   ########  #########  ######  ######
     ##        ##  ##    ##  ##       ##     ## ##     ##       ## ##
     ##       #### ##     ## ######## ########  ##     ##  ######  ########

You're about to initialize a Firebase project in this directory:

  E:\Advik\Web Development\All Projects\Big Projects\Disney+ Clone\disney-plus-clone

Before we get started, keep in mind:

  * You are initializing within an existing Firebase project directory

